Open On-Chip Debugger 0.10.0
Licensed under GNU GPL v2
For bug reports, read
	http://openocd.org/doc/doxygen/bugs.html
Info : auto-selecting first available session transport "hla_swd". To override use 'transport select <transport>'.
Info : The selected transport took over low-level target control. The results might differ compared to plain JTAG/SWD
adapter speed: 1000 kHz
adapter_nsrst_delay: 100
none separate
Info : Unable to match requested speed 1000 kHz, using 950 kHz
Info : Unable to match requested speed 1000 kHz, using 950 kHz
Info : clock speed 950 kHz
Info : STLINK v1 JTAG v13 API v2 SWIM v0 VID 0x0483 PID 0x3744
Info : using stlink api v2
Info : stm32f1x.cpu: hardware has 6 breakpoints, 4 watchpoints
Error: jtag status contains invalid mode value - communication failure
Polling target stm32f1x.cpu failed, trying to reexamine
Examination failed, GDB will be halted. Polling again in 100ms
Info : Previous state query failed, trying to reconnect
Error: jtag status contains invalid mode value - communication failure
Polling target stm32f1x.cpu failed, trying to reexamine
Examination failed, GDB will be halted. Polling again in 300ms
Info : Previous state query failed, trying to reconnect
Error: jtag status contains invalid mode value - communication failure
Polling target stm32f1x.cpu failed, trying to reexamine
Examination failed, GDB will be halted. Polling again in 700ms
Info : Previous state query failed, trying to reconnect
Error: jtag status contains invalid mode value - communication failure
Polling target stm32f1x.cpu failed, trying to reexamine
Examination failed, GDB will be halted. Polling again in 1500ms
Info : Previous state query failed, trying to reconnect
Error: jtag status contains invalid mode value - communication failure
Polling target stm32f1x.cpu failed, trying to reexamine
Examination failed, GDB will be halted. Polling again in 3100ms
Info : Previous state query failed, trying to reconnect
Error: jtag status contains invalid mode value - communication failure
Polling target stm32f1x.cpu failed, trying to reexamine
Examination failed, GDB will be halted. Polling again in 6300ms
